{"/Users/briley/Documents/workspace/dmsp_api_prototype/lambdas/layers/dmptool/database/src/index.ts": {"path":"/Users/briley/Documents/workspace/dmsp_api_prototype/lambdas/layers/dmptool/database/src/index.ts","all":false,"statementMap":{"0":{"start":{"line":1,"column":0},"end":{"line":1,"column":71}},"1":{"start":{"line":2,"column":0},"end":{"line":2,"column":0}},"2":{"start":{"line":3,"column":0},"end":{"line":3,"column":35}},"3":{"start":{"line":4,"column":0},"end":{"line":4,"column":54}},"4":{"start":{"line":5,"column":0},"end":{"line":5,"column":0}},"5":{"start":{"line":6,"column":0},"end":{"line":6,"column":60}},"6":{"start":{"line":7,"column":0},"end":{"line":7,"column":46}},"7":{"start":{"line":8,"column":0},"end":{"line":8,"column":0}},"8":{"start":{"line":9,"column":0},"end":{"line":9,"column":85}},"9":{"start":{"line":10,"column":0},"end":{"line":10,"column":32}},"10":{"start":{"line":11,"column":0},"end":{"line":11,"column":13}},"11":{"start":{"line":12,"column":0},"end":{"line":12,"column":13}},"12":{"start":{"line":13,"column":0},"end":{"line":13,"column":18}},"13":{"start":{"line":14,"column":0},"end":{"line":14,"column":19}},"14":{"start":{"line":15,"column":0},"end":{"line":15,"column":1}},"15":{"start":{"line":16,"column":0},"end":{"line":16,"column":0}},"16":{"start":{"line":17,"column":0},"end":{"line":17,"column":32}},"17":{"start":{"line":18,"column":0},"end":{"line":18,"column":13}},"18":{"start":{"line":19,"column":0},"end":{"line":19,"column":13}},"19":{"start":{"line":20,"column":0},"end":{"line":20,"column":32}},"20":{"start":{"line":21,"column":0},"end":{"line":21,"column":22}},"21":{"start":{"line":22,"column":0},"end":{"line":22,"column":22}},"22":{"start":{"line":23,"column":0},"end":{"line":23,"column":19}},"23":{"start":{"line":24,"column":0},"end":{"line":24,"column":15}},"24":{"start":{"line":25,"column":0},"end":{"line":25,"column":27}},"25":{"start":{"line":26,"column":0},"end":{"line":26,"column":22}},"26":{"start":{"line":27,"column":0},"end":{"line":27,"column":33}},"27":{"start":{"line":28,"column":0},"end":{"line":28,"column":19}},"28":{"start":{"line":29,"column":0},"end":{"line":29,"column":1}},"29":{"start":{"line":30,"column":0},"end":{"line":30,"column":0}},"30":{"start":{"line":31,"column":0},"end":{"line":31,"column":32}},"31":{"start":{"line":32,"column":0},"end":{"line":32,"column":16}},"32":{"start":{"line":33,"column":0},"end":{"line":33,"column":15}},"33":{"start":{"line":34,"column":0},"end":{"line":34,"column":1}},"34":{"start":{"line":35,"column":0},"end":{"line":35,"column":0}},"35":{"start":{"line":36,"column":0},"end":{"line":36,"column":0}},"36":{"start":{"line":37,"column":0},"end":{"line":37,"column":105}},"37":{"start":{"line":38,"column":0},"end":{"line":38,"column":100}},"38":{"start":{"line":39,"column":0},"end":{"line":39,"column":61}},"39":{"start":{"line":40,"column":0},"end":{"line":40,"column":30}},"40":{"start":{"line":41,"column":0},"end":{"line":41,"column":0}},"41":{"start":{"line":42,"column":0},"end":{"line":42,"column":27}},"42":{"start":{"line":43,"column":0},"end":{"line":43,"column":28}},"43":{"start":{"line":44,"column":0},"end":{"line":44,"column":39}},"44":{"start":{"line":45,"column":0},"end":{"line":45,"column":33}},"45":{"start":{"line":46,"column":0},"end":{"line":46,"column":0}},"46":{"start":{"line":47,"column":0},"end":{"line":47,"column":23}},"47":{"start":{"line":48,"column":0},"end":{"line":48,"column":62}},"48":{"start":{"line":49,"column":0},"end":{"line":49,"column":62}},"49":{"start":{"line":50,"column":0},"end":{"line":50,"column":0}},"50":{"start":{"line":51,"column":0},"end":{"line":51,"column":30}},"51":{"start":{"line":52,"column":0},"end":{"line":52,"column":62}},"52":{"start":{"line":53,"column":0},"end":{"line":53,"column":58}},"53":{"start":{"line":54,"column":0},"end":{"line":54,"column":53}},"54":{"start":{"line":55,"column":0},"end":{"line":55,"column":0}},"55":{"start":{"line":56,"column":0},"end":{"line":56,"column":55}},"56":{"start":{"line":57,"column":0},"end":{"line":57,"column":54}},"57":{"start":{"line":58,"column":0},"end":{"line":58,"column":39}},"58":{"start":{"line":59,"column":0},"end":{"line":59,"column":0}},"59":{"start":{"line":60,"column":0},"end":{"line":60,"column":16}},"60":{"start":{"line":61,"column":0},"end":{"line":61,"column":51}},"61":{"start":{"line":62,"column":0},"end":{"line":62,"column":62}},"62":{"start":{"line":63,"column":0},"end":{"line":63,"column":9}},"63":{"start":{"line":64,"column":0},"end":{"line":64,"column":9}},"64":{"start":{"line":65,"column":0},"end":{"line":65,"column":0}},"65":{"start":{"line":66,"column":0},"end":{"line":66,"column":33}},"66":{"start":{"line":67,"column":0},"end":{"line":67,"column":25}},"67":{"start":{"line":68,"column":0},"end":{"line":68,"column":35}},"68":{"start":{"line":69,"column":0},"end":{"line":69,"column":12}},"69":{"start":{"line":70,"column":0},"end":{"line":70,"column":50}},"70":{"start":{"line":71,"column":0},"end":{"line":71,"column":39}},"71":{"start":{"line":72,"column":0},"end":{"line":72,"column":5}},"72":{"start":{"line":73,"column":0},"end":{"line":73,"column":3}},"73":{"start":{"line":74,"column":0},"end":{"line":74,"column":26}},"74":{"start":{"line":75,"column":0},"end":{"line":75,"column":2}},"75":{"start":{"line":76,"column":0},"end":{"line":76,"column":0}},"76":{"start":{"line":77,"column":0},"end":{"line":77,"column":46}},"77":{"start":{"line":78,"column":0},"end":{"line":78,"column":74}},"78":{"start":{"line":79,"column":0},"end":{"line":79,"column":18}},"79":{"start":{"line":80,"column":0},"end":{"line":80,"column":33}},"80":{"start":{"line":81,"column":0},"end":{"line":81,"column":60}},"81":{"start":{"line":82,"column":0},"end":{"line":82,"column":4}},"82":{"start":{"line":83,"column":0},"end":{"line":83,"column":51}},"83":{"start":{"line":84,"column":0},"end":{"line":84,"column":1}},"84":{"start":{"line":85,"column":0},"end":{"line":85,"column":0}},"85":{"start":{"line":86,"column":0},"end":{"line":86,"column":50}},"86":{"start":{"line":87,"column":0},"end":{"line":87,"column":86}},"87":{"start":{"line":88,"column":0},"end":{"line":88,"column":17}},"88":{"start":{"line":89,"column":0},"end":{"line":89,"column":23}},"89":{"start":{"line":90,"column":0},"end":{"line":90,"column":0}},"90":{"start":{"line":91,"column":0},"end":{"line":91,"column":74}},"91":{"start":{"line":92,"column":0},"end":{"line":92,"column":6}},"92":{"start":{"line":93,"column":0},"end":{"line":93,"column":37}},"93":{"start":{"line":94,"column":0},"end":{"line":94,"column":23}},"94":{"start":{"line":95,"column":0},"end":{"line":95,"column":42}},"95":{"start":{"line":96,"column":0},"end":{"line":96,"column":15}},"96":{"start":{"line":97,"column":0},"end":{"line":97,"column":7}},"97":{"start":{"line":98,"column":0},"end":{"line":98,"column":56}},"98":{"start":{"line":99,"column":0},"end":{"line":99,"column":0}},"99":{"start":{"line":100,"column":0},"end":{"line":100,"column":50}},"100":{"start":{"line":101,"column":0},"end":{"line":101,"column":47}},"101":{"start":{"line":102,"column":0},"end":{"line":102,"column":90}},"102":{"start":{"line":103,"column":0},"end":{"line":103,"column":75}},"103":{"start":{"line":104,"column":0},"end":{"line":104,"column":49}},"104":{"start":{"line":105,"column":0},"end":{"line":105,"column":29}},"105":{"start":{"line":106,"column":0},"end":{"line":106,"column":0}},"106":{"start":{"line":107,"column":0},"end":{"line":107,"column":65}},"107":{"start":{"line":108,"column":0},"end":{"line":108,"column":75}},"108":{"start":{"line":109,"column":0},"end":{"line":109,"column":1}},"109":{"start":{"line":110,"column":0},"end":{"line":110,"column":0}},"110":{"start":{"line":111,"column":0},"end":{"line":111,"column":77}},"111":{"start":{"line":112,"column":0},"end":{"line":112,"column":88}},"112":{"start":{"line":113,"column":0},"end":{"line":113,"column":31}},"113":{"start":{"line":114,"column":0},"end":{"line":114,"column":55}},"114":{"start":{"line":115,"column":0},"end":{"line":115,"column":0}},"115":{"start":{"line":116,"column":0},"end":{"line":116,"column":44}},"116":{"start":{"line":117,"column":0},"end":{"line":117,"column":57}},"117":{"start":{"line":118,"column":0},"end":{"line":118,"column":77}},"118":{"start":{"line":119,"column":0},"end":{"line":119,"column":81}},"119":{"start":{"line":120,"column":0},"end":{"line":120,"column":0}},"120":{"start":{"line":121,"column":0},"end":{"line":121,"column":40}},"121":{"start":{"line":122,"column":0},"end":{"line":122,"column":33}},"122":{"start":{"line":123,"column":0},"end":{"line":123,"column":5}},"123":{"start":{"line":124,"column":0},"end":{"line":124,"column":0}},"124":{"start":{"line":125,"column":0},"end":{"line":125,"column":58}},"125":{"start":{"line":126,"column":0},"end":{"line":126,"column":80}},"126":{"start":{"line":127,"column":0},"end":{"line":127,"column":62}},"127":{"start":{"line":128,"column":0},"end":{"line":128,"column":5}},"128":{"start":{"line":129,"column":0},"end":{"line":129,"column":3}},"129":{"start":{"line":130,"column":0},"end":{"line":130,"column":0}},"130":{"start":{"line":131,"column":0},"end":{"line":131,"column":32}},"131":{"start":{"line":132,"column":0},"end":{"line":132,"column":1}}},"s":{"0":1,"1":1,"2":1,"3":1,"4":1,"5":1,"6":1,"7":1,"8":1,"9":1,"10":1,"11":1,"12":1,"13":1,"14":1,"15":1,"16":1,"17":1,"18":1,"19":1,"20":1,"21":1,"22":1,"23":1,"24":1,"25":1,"26":1,"27":1,"28":1,"29":1,"30":1,"31":1,"32":1,"33":1,"34":1,"35":1,"36":1,"37":1,"38":1,"39":8,"40":8,"41":8,"42":13,"43":13,"44":13,"45":13,"46":13,"47":3,"48":3,"49":3,"50":13,"51":2,"52":2,"53":3,"54":3,"55":3,"56":2,"57":2,"58":2,"59":3,"60":1,"61":1,"62":1,"63":2,"64":2,"65":10,"66":0,"67":0,"68":8,"69":8,"70":8,"71":8,"72":13,"73":8,"74":8,"75":1,"76":1,"77":1,"78":0,"79":0,"80":0,"81":0,"82":0,"83":0,"84":1,"85":1,"86":1,"87":0,"88":0,"89":0,"90":0,"91":0,"92":0,"93":0,"94":0,"95":0,"96":0,"97":0,"98":0,"99":0,"100":0,"101":0,"102":0,"103":0,"104":0,"105":0,"106":0,"107":0,"108":0,"109":1,"110":1,"111":12,"112":12,"113":9,"114":9,"115":9,"116":9,"117":9,"118":9,"119":9,"120":9,"121":3,"122":3,"123":9,"124":9,"125":9,"126":8,"127":8,"128":9,"129":4,"130":4,"131":4},"branchMap":{"0":{"type":"branch","line":39,"loc":{"start":{"line":39,"column":37},"end":{"line":75,"column":2}},"locations":[{"start":{"line":39,"column":37},"end":{"line":75,"column":2}}]},"1":{"type":"branch","line":42,"loc":{"start":{"line":42,"column":26},"end":{"line":73,"column":3}},"locations":[{"start":{"line":42,"column":26},"end":{"line":73,"column":3}}]},"2":{"type":"branch","line":47,"loc":{"start":{"line":47,"column":22},"end":{"line":51,"column":5}},"locations":[{"start":{"line":47,"column":22},"end":{"line":51,"column":5}}]},"3":{"type":"branch","line":51,"loc":{"start":{"line":51,"column":5},"end":{"line":72,"column":5}},"locations":[{"start":{"line":51,"column":5},"end":{"line":72,"column":5}}]},"4":{"type":"branch","line":51,"loc":{"start":{"line":51,"column":29},"end":{"line":66,"column":5}},"locations":[{"start":{"line":51,"column":29},"end":{"line":66,"column":5}}]},"5":{"type":"branch","line":66,"loc":{"start":{"line":66,"column":5},"end":{"line":72,"column":5}},"locations":[{"start":{"line":66,"column":5},"end":{"line":72,"column":5}}]},"6":{"type":"branch","line":66,"loc":{"start":{"line":66,"column":32},"end":{"line":69,"column":5}},"locations":[{"start":{"line":66,"column":32},"end":{"line":69,"column":5}}]},"7":{"type":"branch","line":53,"loc":{"start":{"line":53,"column":43},"end":{"line":64,"column":7}},"locations":[{"start":{"line":53,"column":43},"end":{"line":64,"column":7}}]},"8":{"type":"branch","line":56,"loc":{"start":{"line":56,"column":54},"end":{"line":60,"column":9}},"locations":[{"start":{"line":56,"column":54},"end":{"line":60,"column":9}}]},"9":{"type":"branch","line":60,"loc":{"start":{"line":60,"column":9},"end":{"line":63,"column":9}},"locations":[{"start":{"line":60,"column":9},"end":{"line":63,"column":9}}]},"10":{"type":"branch","line":112,"loc":{"start":{"line":112,"column":0},"end":{"line":132,"column":1}},"locations":[{"start":{"line":112,"column":0},"end":{"line":132,"column":1}}]},"11":{"type":"branch","line":113,"loc":{"start":{"line":113,"column":12},"end":{"line":113,"column":28}},"locations":[{"start":{"line":113,"column":12},"end":{"line":113,"column":28}}]},"12":{"type":"branch","line":113,"loc":{"start":{"line":113,"column":30},"end":{"line":129,"column":3}},"locations":[{"start":{"line":113,"column":30},"end":{"line":129,"column":3}}]},"13":{"type":"branch","line":117,"loc":{"start":{"line":117,"column":51},"end":{"line":117,"column":57}},"locations":[{"start":{"line":117,"column":51},"end":{"line":117,"column":57}}]},"14":{"type":"branch","line":119,"loc":{"start":{"line":119,"column":41},"end":{"line":119,"column":69}},"locations":[{"start":{"line":119,"column":41},"end":{"line":119,"column":69}}]},"15":{"type":"branch","line":119,"loc":{"start":{"line":119,"column":70},"end":{"line":119,"column":80}},"locations":[{"start":{"line":119,"column":70},"end":{"line":119,"column":80}}]},"16":{"type":"branch","line":121,"loc":{"start":{"line":121,"column":39},"end":{"line":123,"column":5}},"locations":[{"start":{"line":121,"column":39},"end":{"line":123,"column":5}}]},"17":{"type":"branch","line":126,"loc":{"start":{"line":126,"column":79},"end":{"line":128,"column":5}},"locations":[{"start":{"line":126,"column":79},"end":{"line":128,"column":5}}]},"18":{"type":"branch","line":130,"loc":{"start":{"line":130,"column":-1},"end":{"line":132,"column":1}},"locations":[{"start":{"line":130,"column":-1},"end":{"line":132,"column":1}}]}},"b":{"0":[8],"1":[13],"2":[3],"3":[10],"4":[2],"5":[8],"6":[0],"7":[3],"8":[2],"9":[1],"10":[12],"11":[9],"12":[9],"13":[0],"14":[7],"15":[2],"16":[3],"17":[8],"18":[4]},"fnMap":{"0":{"name":"deserializeDynamoItem","decl":{"start":{"line":39,"column":37},"end":{"line":75,"column":2}},"loc":{"start":{"line":39,"column":37},"end":{"line":75,"column":2}},"line":39},"1":{"name":"getAllDMPIndexItems","decl":{"start":{"line":78,"column":35},"end":{"line":84,"column":1}},"loc":{"start":{"line":78,"column":35},"end":{"line":84,"column":1}},"line":78},"2":{"name":"scanTable","decl":{"start":{"line":87,"column":18},"end":{"line":109,"column":1}},"loc":{"start":{"line":87,"column":18},"end":{"line":109,"column":1}},"line":87},"3":{"name":"eventParamsToDMPKeys","decl":{"start":{"line":112,"column":0},"end":{"line":132,"column":1}},"loc":{"start":{"line":112,"column":0},"end":{"line":132,"column":1}},"line":112}},"f":{"0":8,"1":0,"2":0,"3":12}}
}
