TN:
SF:database/src/index.ts
FN:39,deserializeDynamoItem
FN:78,getAllDMPIndexItems
FN:87,scanTable
FN:112,eventParamsToDMPKeys
FNF:4
FNH:2
FNDA:8,deserializeDynamoItem
FNDA:0,getAllDMPIndexItems
FNDA:0,scanTable
FNDA:12,eventParamsToDMPKeys
DA:1,1
DA:2,1
DA:3,1
DA:4,1
DA:5,1
DA:6,1
DA:7,1
DA:8,1
DA:9,1
DA:10,1
DA:11,1
DA:12,1
DA:13,1
DA:14,1
DA:15,1
DA:16,1
DA:17,1
DA:18,1
DA:19,1
DA:20,1
DA:21,1
DA:22,1
DA:23,1
DA:24,1
DA:25,1
DA:26,1
DA:27,1
DA:28,1
DA:29,1
DA:30,1
DA:31,1
DA:32,1
DA:33,1
DA:34,1
DA:35,1
DA:36,1
DA:37,1
DA:38,1
DA:39,1
DA:40,8
DA:41,8
DA:42,8
DA:43,13
DA:44,13
DA:45,13
DA:46,13
DA:47,13
DA:48,3
DA:49,3
DA:50,3
DA:51,13
DA:52,2
DA:53,2
DA:54,3
DA:55,3
DA:56,3
DA:57,2
DA:58,2
DA:59,2
DA:60,3
DA:61,1
DA:62,1
DA:63,1
DA:64,2
DA:65,2
DA:66,10
DA:67,0
DA:68,0
DA:69,8
DA:70,8
DA:71,8
DA:72,8
DA:73,13
DA:74,8
DA:75,8
DA:76,1
DA:77,1
DA:78,1
DA:79,0
DA:80,0
DA:81,0
DA:82,0
DA:83,0
DA:84,0
DA:85,1
DA:86,1
DA:87,1
DA:88,0
DA:89,0
DA:90,0
DA:91,0
DA:92,0
DA:93,0
DA:94,0
DA:95,0
DA:96,0
DA:97,0
DA:98,0
DA:99,0
DA:100,0
DA:101,0
DA:102,0
DA:103,0
DA:104,0
DA:105,0
DA:106,0
DA:107,0
DA:108,0
DA:109,0
DA:110,1
DA:111,1
DA:112,12
DA:113,12
DA:114,9
DA:115,9
DA:116,9
DA:117,9
DA:118,9
DA:119,9
DA:120,9
DA:121,9
DA:122,3
DA:123,3
DA:124,9
DA:125,9
DA:126,9
DA:127,8
DA:128,8
DA:129,9
DA:130,4
DA:131,4
DA:132,4
LF:132
LH:102
BRDA:39,0,0,8
BRDA:42,1,0,13
BRDA:47,2,0,3
BRDA:51,3,0,10
BRDA:51,4,0,2
BRDA:66,5,0,8
BRDA:66,6,0,0
BRDA:53,7,0,3
BRDA:56,8,0,2
BRDA:60,9,0,1
BRDA:112,10,0,12
BRDA:113,11,0,9
BRDA:113,12,0,9
BRDA:117,13,0,0
BRDA:119,14,0,7
BRDA:119,15,0,2
BRDA:121,16,0,3
BRDA:126,17,0,8
BRDA:130,18,0,4
BRF:19
BRH:17
end_of_record
